{"/Users/mac/neocentra-bank/neocentra-bank-host/src/components/dashboard/DashboardContainer.tsx": {"path":"/Users/mac/neocentra-bank/neocentra-bank-host/src/components/dashboard/DashboardContainer.tsx","statementMap":{"0":{"start":{"line":8,"column":6},"end":{"line":11,"column":null}},"1":{"start":{"line":8,"column":41},"end":{"line":8,"column":null}},"2":{"start":{"line":10,"column":17},"end":{"line":10,"column":null}},"3":{"start":{"line":15,"column":4},"end":{"line":15,"column":null}},"4":{"start":{"line":16,"column":18},"end":{"line":20,"column":null}},"5":{"start":{"line":22,"column":2},"end":{"line":32,"column":null}},"6":{"start":{"line":23,"column":4},"end":{"line":30,"column":null}},"7":{"start":{"line":28,"column":23},"end":{"line":28,"column":null}},"8":{"start":{"line":34,"column":2},"end":{"line":36,"column":null}},"9":{"start":{"line":35,"column":4},"end":{"line":35,"column":null}},"10":{"start":{"line":38,"column":2},"end":{"line":52,"column":null}},"11":{"start":{"line":46,"column":25},"end":{"line":46,"column":null}}},"fnMap":{"0":{"name":"(anonymous_0)","decl":{"start":{"line":8,"column":27},"end":{"line":8,"column":41}},"loc":{"start":{"line":8,"column":41},"end":{"line":8,"column":null}},"line":8},"1":{"name":"(anonymous_1)","decl":{"start":{"line":10,"column":2},"end":{"line":10,"column":17}},"loc":{"start":{"line":10,"column":17},"end":{"line":10,"column":null}},"line":10},"2":{"name":"DashboardContainer","decl":{"start":{"line":13,"column":24},"end":{"line":13,"column":45}},"loc":{"start":{"line":13,"column":45},"end":{"line":54,"column":null}},"line":13},"3":{"name":"(anonymous_3)","decl":{"start":{"line":28,"column":8},"end":{"line":28,"column":23}},"loc":{"start":{"line":28,"column":23},"end":{"line":28,"column":null}},"line":28},"4":{"name":"(anonymous_4)","decl":{"start":{"line":46,"column":10},"end":{"line":46,"column":25}},"loc":{"start":{"line":46,"column":25},"end":{"line":46,"column":null}},"line":46}},"branchMap":{"0":{"loc":{"start":{"line":15,"column":4},"end":{"line":15,"column":null}},"type":"binary-expr","locations":[{"start":{"line":15,"column":4},"end":{"line":15,"column":45}},{"start":{"line":15,"column":45},"end":{"line":15,"column":null}}],"line":15},"1":{"loc":{"start":{"line":22,"column":2},"end":{"line":32,"column":null}},"type":"if","locations":[{"start":{"line":22,"column":2},"end":{"line":32,"column":null}},{"start":{},"end":{}}],"line":22},"2":{"loc":{"start":{"line":34,"column":2},"end":{"line":36,"column":null}},"type":"if","locations":[{"start":{"line":34,"column":2},"end":{"line":36,"column":null}},{"start":{},"end":{}}],"line":34}},"s":{"0":1,"1":1,"2":1,"3":4,"4":4,"5":4,"6":1,"7":1,"8":3,"9":1,"10":2,"11":1},"f":{"0":1,"1":1,"2":4,"3":1,"4":1},"b":{"0":[4,4],"1":[1,3],"2":[1,2]},"meta":{"lastBranch":3,"lastFunction":5,"lastStatement":12,"seen":{"s:8:6:11:Infinity":0,"f:8:27:8:41":0,"s:8:41:8:Infinity":1,"f:10:2:10:17":1,"s:10:17:10:Infinity":2,"f:13:24:13:45":2,"s:15:4:15:Infinity":3,"b:15:4:15:45:15:45:15:Infinity":0,"s:16:18:20:Infinity":4,"b:22:2:32:Infinity:undefined:undefined:undefined:undefined":1,"s:22:2:32:Infinity":5,"s:23:4:30:Infinity":6,"f:28:8:28:23":3,"s:28:23:28:Infinity":7,"b:34:2:36:Infinity:undefined:undefined:undefined:undefined":2,"s:34:2:36:Infinity":8,"s:35:4:35:Infinity":9,"s:38:2:52:Infinity":10,"f:46:10:46:25":4,"s:46:25:46:Infinity":11},"fnNames":{}}}
,"/Users/mac/neocentra-bank/neocentra-bank-host/src/components/dashboard/LocalDashboardSkeleton.tsx": {"path":"/Users/mac/neocentra-bank/neocentra-bank-host/src/components/dashboard/LocalDashboardSkeleton.tsx","statementMap":{"0":{"start":{"line":4,"column":2},"end":{"line":5,"column":null}}},"fnMap":{"0":{"name":"LocalDashboardSkeleton","decl":{"start":{"line":3,"column":24},"end":{"line":3,"column":49}},"loc":{"start":{"line":3,"column":49},"end":{"line":7,"column":null}},"line":3}},"branchMap":{},"s":{"0":2},"f":{"0":2},"b":{},"meta":{"lastBranch":0,"lastFunction":1,"lastStatement":1,"seen":{"f:3:24:3:49":0,"s:4:2:5:Infinity":0},"fnNames":{}}}
,"/Users/mac/neocentra-bank/neocentra-bank-host/src/components/error-ui/ConnectionErrorCard.tsx": {"path":"/Users/mac/neocentra-bank/neocentra-bank-host/src/components/error-ui/ConnectionErrorCard.tsx","statementMap":{"0":{"start":{"line":19,"column":23},"end":{"line":19,"column":null}},"1":{"start":{"line":21,"column":2},"end":{"line":55,"column":null}}},"fnMap":{"0":{"name":"ConnectionErrorCard","decl":{"start":{"line":12,"column":24},"end":{"line":12,"column":44}},"loc":{"start":{"line":18,"column":29},"end":{"line":57,"column":null}},"line":18}},"branchMap":{"0":{"loc":{"start":{"line":13,"column":2},"end":{"line":13,"column":null}},"type":"default-arg","locations":[{"start":{"line":13,"column":10},"end":{"line":13,"column":null}}],"line":13},"1":{"loc":{"start":{"line":14,"column":2},"end":{"line":14,"column":null}},"type":"default-arg","locations":[{"start":{"line":14,"column":16},"end":{"line":14,"column":null}}],"line":14},"2":{"loc":{"start":{"line":17,"column":2},"end":{"line":17,"column":null}},"type":"default-arg","locations":[{"start":{"line":17,"column":14},"end":{"line":17,"column":null}}],"line":17},"3":{"loc":{"start":{"line":19,"column":23},"end":{"line":19,"column":null}},"type":"cond-expr","locations":[{"start":{"line":19,"column":48},"end":{"line":19,"column":64}},{"start":{"line":19,"column":64},"end":{"line":19,"column":null}}],"line":19},"4":{"loc":{"start":{"line":38,"column":7},"end":{"line":43,"column":null}},"type":"binary-expr","locations":[{"start":{"line":38,"column":7},"end":{"line":38,"column":null}},{"start":{"line":39,"column":8},"end":{"line":43,"column":null}}],"line":38},"5":{"loc":{"start":{"line":46,"column":7},"end":{"line":53,"column":null}},"type":"binary-expr","locations":[{"start":{"line":46,"column":7},"end":{"line":46,"column":null}},{"start":{"line":47,"column":8},"end":{"line":53,"column":null}}],"line":46}},"s":{"0":2,"1":2},"f":{"0":2},"b":{"0":[2],"1":[2],"2":[2],"3":[1,1],"4":[2,1],"5":[2,2]},"meta":{"lastBranch":6,"lastFunction":1,"lastStatement":2,"seen":{"f:12:24:12:44":0,"b:13:10:13:Infinity":0,"b:14:16:14:Infinity":1,"b:17:14:17:Infinity":2,"s:19:23:19:Infinity":0,"b:19:48:19:64:19:64:19:Infinity":3,"s:21:2:55:Infinity":1,"b:38:7:38:Infinity:39:8:43:Infinity":4,"b:46:7:46:Infinity:47:8:53:Infinity":5},"fnNames":{}}}
,"/Users/mac/neocentra-bank/neocentra-bank-host/src/utils/RemoteLoaderErrorBoundary.tsx": {"path":"/Users/mac/neocentra-bank/neocentra-bank-host/src/utils/RemoteLoaderErrorBoundary.tsx","statementMap":{"0":{"start":{"line":18,"column":20},"end":{"line":18,"column":null}},"1":{"start":{"line":20,"column":2},"end":{"line":44,"column":null}},"2":{"start":{"line":21,"column":10},"end":{"line":36,"column":null}},"3":{"start":{"line":22,"column":21},"end":{"line":22,"column":null}},"4":{"start":{"line":25,"column":6},"end":{"line":35,"column":null}},"5":{"start":{"line":26,"column":27},"end":{"line":26,"column":null}},"6":{"start":{"line":29,"column":8},"end":{"line":34,"column":null}},"7":{"start":{"line":30,"column":10},"end":{"line":32,"column":null}},"8":{"start":{"line":33,"column":10},"end":{"line":33,"column":null}},"9":{"start":{"line":39,"column":4},"end":{"line":39,"column":null}},"10":{"start":{"line":41,"column":4},"end":{"line":43,"column":null}},"11":{"start":{"line":42,"column":6},"end":{"line":42,"column":null}},"12":{"start":{"line":46,"column":2},"end":{"line":51,"column":null}},"13":{"start":{"line":47,"column":4},"end":{"line":49,"column":null}},"14":{"start":{"line":48,"column":6},"end":{"line":48,"column":null}},"15":{"start":{"line":50,"column":4},"end":{"line":50,"column":null}},"16":{"start":{"line":53,"column":2},"end":{"line":53,"column":null}}},"fnMap":{"0":{"name":"RemoteModuleBoundary","decl":{"start":{"line":13,"column":24},"end":{"line":13,"column":45}},"loc":{"start":{"line":17,"column":24},"end":{"line":54,"column":null}},"line":17},"1":{"name":"(anonymous_1)","decl":{"start":{"line":20,"column":2},"end":{"line":20,"column":18}},"loc":{"start":{"line":20,"column":18},"end":{"line":44,"column":5}},"line":20},"2":{"name":"(anonymous_2)","decl":{"start":{"line":21,"column":10},"end":{"line":21,"column":31}},"loc":{"start":{"line":21,"column":53},"end":{"line":36,"column":null}},"line":21},"3":{"name":"(anonymous_3)","decl":{"start":{"line":41,"column":4},"end":{"line":41,"column":17}},"loc":{"start":{"line":41,"column":17},"end":{"line":43,"column":null}},"line":41}},"branchMap":{"0":{"loc":{"start":{"line":25,"column":6},"end":{"line":35,"column":null}},"type":"if","locations":[{"start":{"line":25,"column":6},"end":{"line":35,"column":null}},{"start":{},"end":{}}],"line":25},"1":{"loc":{"start":{"line":25,"column":10},"end":{"line":25,"column":49}},"type":"binary-expr","locations":[{"start":{"line":25,"column":10},"end":{"line":25,"column":20}},{"start":{"line":25,"column":20},"end":{"line":25,"column":49}}],"line":25},"2":{"loc":{"start":{"line":26,"column":27},"end":{"line":26,"column":null}},"type":"binary-expr","locations":[{"start":{"line":26,"column":27},"end":{"line":26,"column":63}},{"start":{"line":26,"column":63},"end":{"line":26,"column":null}}],"line":26},"3":{"loc":{"start":{"line":29,"column":8},"end":{"line":34,"column":null}},"type":"if","locations":[{"start":{"line":29,"column":8},"end":{"line":34,"column":null}},{"start":{},"end":{}}],"line":29},"4":{"loc":{"start":{"line":46,"column":2},"end":{"line":51,"column":null}},"type":"if","locations":[{"start":{"line":46,"column":2},"end":{"line":51,"column":null}},{"start":{},"end":{}}],"line":46},"5":{"loc":{"start":{"line":47,"column":4},"end":{"line":49,"column":null}},"type":"if","locations":[{"start":{"line":47,"column":4},"end":{"line":49,"column":null}},{"start":{},"end":{}}],"line":47}},"s":{"0":8,"1":8,"2":6,"3":4,"4":4,"5":3,"6":3,"7":2,"8":2,"9":6,"10":6,"11":6,"12":8,"13":2,"14":1,"15":1,"16":6},"f":{"0":8,"1":6,"2":4,"3":6},"b":{"0":[3,1],"1":[4,4],"2":[3,0],"3":[2,1],"4":[2,6],"5":[1,1]},"meta":{"lastBranch":6,"lastFunction":4,"lastStatement":17,"seen":{"f:13:24:13:45":0,"s:18:20:18:Infinity":0,"s:20:2:44:Infinity":1,"f:20:2:20:18":1,"s:21:10:36:Infinity":2,"f:21:10:21:31":2,"s:22:21:22:Infinity":3,"b:25:6:35:Infinity:undefined:undefined:undefined:undefined":0,"s:25:6:35:Infinity":4,"b:25:10:25:20:25:20:25:49":1,"s:26:27:26:Infinity":5,"b:26:27:26:63:26:63:26:Infinity":2,"b:29:8:34:Infinity:undefined:undefined:undefined:undefined":3,"s:29:8:34:Infinity":6,"s:30:10:32:Infinity":7,"s:33:10:33:Infinity":8,"s:39:4:39:Infinity":9,"s:41:4:43:Infinity":10,"f:41:4:41:17":3,"s:42:6:42:Infinity":11,"b:46:2:51:Infinity:undefined:undefined:undefined:undefined":4,"s:46:2:51:Infinity":12,"b:47:4:49:Infinity:undefined:undefined:undefined:undefined":5,"s:47:4:49:Infinity":13,"s:48:6:48:Infinity":14,"s:50:4:50:Infinity":15,"s:53:2:53:Infinity":16},"fnNames":{}}}
}
